<?xml version="1.0" encoding="UTF-8"?>
<testng-results ignored="3" total="6" passed="3" failed="0" skipped="0">
  <reporter-output>
    <line>
      <![CDATA[testuser@gmail.com]]>
    </line>
    <line>
      <![CDATA[abc@123]]>
    </line>
    <line>
      <![CDATA[TESTUSER@gmail.com]]>
    </line>
    <line>
      <![CDATA[123456.0]]>
    </line>
    <line>
      <![CDATA[123_USER_low@gmail.com]]>
    </line>
    <line>
      <![CDATA[QWERTY!!!!]]>
    </line>
  </reporter-output>
  <suite started-at="2026-04-05T16:23:14 IST" name="QTrip Suite" finished-at="2026-04-05T16:24:07 IST" duration-ms="53434">
    <groups>
      <group name="Login Flow">
        <method signature="Testcase01.TestCase01(java.lang.String,java.lang.String)[pri:1, instance:qtriptest.tests.Testcase01@2b30a42c]" name="TestCase01" class="qtriptest.tests.Testcase01"/>
      </group> <!-- Login Flow -->
    </groups>
    <test started-at="2026-04-05T16:23:14 IST" name="QTrip Tests" finished-at="2026-04-05T16:24:07 IST" duration-ms="53434">
      <class name="qtriptest.tests.Testcase01">
        <test-method is-config="true" signature="setUp()[pri:0, instance:qtriptest.tests.Testcase01@2b30a42c]" started-at="2026-04-05T16:23:15 IST" name="setUp" finished-at="2026-04-05T16:23:21 IST" duration-ms="5829" status="PASS">
          <reporter-output>
          </reporter-output>
        </test-method> <!-- setUp -->
        <test-method signature="TestCase01(java.lang.String,java.lang.String)[pri:1, instance:qtriptest.tests.Testcase01@2b30a42c]" started-at="2026-04-05T16:23:21 IST" name="TestCase01" data-provider="data-provider" finished-at="2026-04-05T16:23:33 IST" duration-ms="11963" status="PASS">
          <params>
            <param index="0">
              <value>
                <![CDATA[testuser@gmail.com]]>
              </value>
            </param>
            <param index="1">
              <value>
                <![CDATA[abc@123]]>
              </value>
            </param>
          </params>
          <reporter-output>
            <line>
              <![CDATA[testuser@gmail.com]]>
            </line>
            <line>
              <![CDATA[abc@123]]>
            </line>
          </reporter-output>
        </test-method> <!-- TestCase01 -->
        <test-method is-config="true" signature="tearDown()[pri:0, instance:qtriptest.tests.Testcase01@2b30a42c]" started-at="2026-04-05T16:23:33 IST" name="tearDown" finished-at="2026-04-05T16:23:34 IST" duration-ms="712" status="PASS">
          <reporter-output>
          </reporter-output>
        </test-method> <!-- tearDown -->
        <test-method is-config="true" signature="setUp()[pri:0, instance:qtriptest.tests.Testcase01@2b30a42c]" started-at="2026-04-05T16:23:34 IST" name="setUp" finished-at="2026-04-05T16:23:37 IST" duration-ms="3357" status="PASS">
          <reporter-output>
          </reporter-output>
        </test-method> <!-- setUp -->
        <test-method signature="TestCase01(java.lang.String,java.lang.String)[pri:1, instance:qtriptest.tests.Testcase01@2b30a42c]" started-at="2026-04-05T16:23:37 IST" name="TestCase01" data-provider="data-provider" finished-at="2026-04-05T16:23:49 IST" duration-ms="11744" status="PASS">
          <params>
            <param index="0">
              <value>
                <![CDATA[TESTUSER@gmail.com]]>
              </value>
            </param>
            <param index="1">
              <value>
                <![CDATA[123456.0]]>
              </value>
            </param>
          </params>
          <reporter-output>
            <line>
              <![CDATA[TESTUSER@gmail.com]]>
            </line>
            <line>
              <![CDATA[123456.0]]>
            </line>
          </reporter-output>
        </test-method> <!-- TestCase01 -->
        <test-method is-config="true" signature="tearDown()[pri:0, instance:qtriptest.tests.Testcase01@2b30a42c]" started-at="2026-04-05T16:23:49 IST" name="tearDown" finished-at="2026-04-05T16:23:49 IST" duration-ms="227" status="PASS">
          <reporter-output>
          </reporter-output>
        </test-method> <!-- tearDown -->
        <test-method is-config="true" signature="setUp()[pri:0, instance:qtriptest.tests.Testcase01@2b30a42c]" started-at="2026-04-05T16:23:49 IST" name="setUp" finished-at="2026-04-05T16:23:56 IST" duration-ms="6578" status="PASS">
          <reporter-output>
          </reporter-output>
        </test-method> <!-- setUp -->
        <test-method signature="TestCase01(java.lang.String,java.lang.String)[pri:1, instance:qtriptest.tests.Testcase01@2b30a42c]" started-at="2026-04-05T16:23:56 IST" name="TestCase01" data-provider="data-provider" finished-at="2026-04-05T16:24:07 IST" duration-ms="11329" status="PASS">
          <params>
            <param index="0">
              <value>
                <![CDATA[123_USER_low@gmail.com]]>
              </value>
            </param>
            <param index="1">
              <value>
                <![CDATA[QWERTY!!!!]]>
              </value>
            </param>
          </params>
          <reporter-output>
            <line>
              <![CDATA[123_USER_low@gmail.com]]>
            </line>
            <line>
              <![CDATA[QWERTY!!!!]]>
            </line>
          </reporter-output>
        </test-method> <!-- TestCase01 -->
        <test-method is-config="true" signature="tearDown()[pri:0, instance:qtriptest.tests.Testcase01@2b30a42c]" started-at="2026-04-05T16:24:07 IST" name="tearDown" finished-at="2026-04-05T16:24:07 IST" duration-ms="369" status="PASS">
          <reporter-output>
          </reporter-output>
        </test-method> <!-- tearDown -->
      </class> <!-- qtriptest.tests.Testcase01 -->
    </test> <!-- QTrip Tests -->
  </suite> <!-- QTrip Suite -->
</testng-results>
